<?xml version="1.0" ?>
<coverage branch-rate="0" branches-covered="0" branches-valid="0" complexity="0" line-rate="0.6933" lines-covered="373" lines-valid="538" timestamp="1543088833007" version="4.5.2">
	<!-- Generated by coverage.py: https://coverage.readthedocs.io -->
	<!-- Based on https://raw.githubusercontent.com/cobertura/web/master/htdocs/xml/coverage-04.dtd -->
	<sources>
		<source>/home/marrero/Proyectos/metrunner</source>
	</sources>
	<packages>
		<package branch-rate="0" complexity="0" line-rate="0.3729" name=".home.marrero..local.lib.python3.6.site-packages">
			<classes>
				<class branch-rate="0" complexity="0" filename="/home/marrero/.local/lib/python3.6/site-packages/termcolor.py" line-rate="0.3729" name="termcolor.py">
					<methods/>
					<lines>
						<line hits="1" number="24"/>
						<line hits="1" number="26"/>
						<line hits="1" number="27"/>
						<line hits="1" number="30"/>
						<line hits="1" number="32"/>
						<line hits="1" number="34"/>
						<line hits="1" number="48"/>
						<line hits="1" number="51"/>
						<line hits="1" number="67"/>
						<line hits="1" number="83"/>
						<line hits="1" number="86"/>
						<line hits="1" number="102"/>
						<line hits="1" number="103"/>
						<line hits="1" number="104"/>
						<line hits="1" number="105"/>
						<line hits="1" number="107"/>
						<line hits="0" number="108"/>
						<line hits="1" number="110"/>
						<line hits="0" number="111"/>
						<line hits="0" number="112"/>
						<line hits="1" number="114"/>
						<line hits="1" number="115"/>
						<line hits="1" number="118"/>
						<line hits="1" number="124"/>
						<line hits="1" number="127"/>
						<line hits="0" number="128"/>
						<line hits="0" number="129"/>
						<line hits="0" number="130"/>
						<line hits="0" number="131"/>
						<line hits="0" number="132"/>
						<line hits="0" number="133"/>
						<line hits="0" number="134"/>
						<line hits="0" number="135"/>
						<line hits="0" number="136"/>
						<line hits="0" number="137"/>
						<line hits="0" number="138"/>
						<line hits="0" number="140"/>
						<line hits="0" number="141"/>
						<line hits="0" number="142"/>
						<line hits="0" number="143"/>
						<line hits="0" number="144"/>
						<line hits="0" number="145"/>
						<line hits="0" number="146"/>
						<line hits="0" number="147"/>
						<line hits="0" number="148"/>
						<line hits="0" number="149"/>
						<line hits="0" number="151"/>
						<line hits="0" number="152"/>
						<line hits="0" number="153"/>
						<line hits="0" number="154"/>
						<line hits="0" number="155"/>
						<line hits="0" number="156"/>
						<line hits="0" number="157"/>
						<line hits="0" number="158"/>
						<line hits="0" number="160"/>
						<line hits="0" number="162"/>
						<line hits="0" number="164"/>
						<line hits="0" number="165"/>
						<line hits="0" number="167"/>
					</lines>
				</class>
			</classes>
		</package>
		<package branch-rate="0" complexity="0" line-rate="0.641" name=".usr.local.lib.python3.6.dist-packages">
			<classes>
				<class branch-rate="0" complexity="0" filename="/usr/local/lib/python3.6/dist-packages/dataclasses.py" line-rate="0.641" name="dataclasses.py">
					<methods/>
					<lines>
						<line hits="1" number="1"/>
						<line hits="1" number="2"/>
						<line hits="1" number="3"/>
						<line hits="1" number="4"/>
						<line hits="1" number="5"/>
						<line hits="1" number="6"/>
						<line hits="1" number="8"/>
						<line hits="1" number="151"/>
						<line hits="1" number="156"/>
						<line hits="1" number="157"/>
						<line hits="1" number="158"/>
						<line hits="1" number="159"/>
						<line hits="1" number="163"/>
						<line hits="1" number="164"/>
						<line hits="1" number="165"/>
						<line hits="1" number="169"/>
						<line hits="1" number="172"/>
						<line hits="1" number="173"/>
						<line hits="1" number="174"/>
						<line hits="1" number="175"/>
						<line hits="0" number="176"/>
						<line hits="1" number="177"/>
						<line hits="1" number="178"/>
						<line hits="1" number="179"/>
						<line hits="1" number="183"/>
						<line hits="1" number="187"/>
						<line hits="1" number="191"/>
						<line hits="1" number="196"/>
						<line hits="1" number="198"/>
						<line hits="1" number="199"/>
						<line hits="0" number="200"/>
						<line hits="1" number="202"/>
						<line hits="1" number="203"/>
						<line hits="1" number="216"/>
						<line hits="1" number="217"/>
						<line hits="1" number="229"/>
						<line hits="1" number="231"/>
						<line hits="1" number="232"/>
						<line hits="1" number="233"/>
						<line hits="1" number="234"/>
						<line hits="1" number="235"/>
						<line hits="1" number="236"/>
						<line hits="1" number="237"/>
						<line hits="1" number="238"/>
						<line hits="1" number="239"/>
						<line hits="1" number="242"/>
						<line hits="1" number="244"/>
						<line hits="0" number="245"/>
						<line hits="1" number="266"/>
						<line hits="1" number="267"/>
						<line hits="1" number="268"/>
						<line hits="0" number="271"/>
						<line hits="1" number="274"/>
						<line hits="1" number="275"/>
						<line hits="1" number="283"/>
						<line hits="1" number="284"/>
						<line hits="1" number="285"/>
						<line hits="1" number="286"/>
						<line hits="1" number="287"/>
						<line hits="1" number="288"/>
						<line hits="1" number="289"/>
						<line hits="1" number="291"/>
						<line hits="0" number="292"/>
						<line hits="1" number="305"/>
						<line hits="1" number="321"/>
						<line hits="0" number="322"/>
						<line hits="1" number="323"/>
						<line hits="1" number="327"/>
						<line hits="1" number="333"/>
						<line hits="0" number="334"/>
						<line hits="1" number="336"/>
						<line hits="1" number="339"/>
						<line hits="1" number="344"/>
						<line hits="1" number="345"/>
						<line hits="1" number="346"/>
						<line hits="1" number="347"/>
						<line hits="1" number="348"/>
						<line hits="1" number="349"/>
						<line hits="1" number="350"/>
						<line hits="1" number="351"/>
						<line hits="1" number="354"/>
						<line hits="1" number="356"/>
						<line hits="1" number="357"/>
						<line hits="1" number="360"/>
						<line hits="1" number="367"/>
						<line hits="1" number="368"/>
						<line hits="1" number="369"/>
						<line hits="1" number="372"/>
						<line hits="1" number="376"/>
						<line hits="1" number="377"/>
						<line hits="1" number="378"/>
						<line hits="1" number="381"/>
						<line hits="1" number="382"/>
						<line hits="0" number="400"/>
						<line hits="0" number="401"/>
						<line hits="1" number="404"/>
						<line hits="1" number="405"/>
						<line hits="1" number="407"/>
						<line hits="1" number="408"/>
						<line hits="1" number="409"/>
						<line hits="1" number="410"/>
						<line hits="0" number="414"/>
						<line hits="1" number="419"/>
						<line hits="0" number="420"/>
						<line hits="1" number="423"/>
						<line hits="1" number="426"/>
						<line hits="1" number="431"/>
						<line hits="1" number="434"/>
						<line hits="1" number="435"/>
						<line hits="1" number="438"/>
						<line hits="1" number="439"/>
						<line hits="1" number="441"/>
						<line hits="1" number="442"/>
						<line hits="1" number="445"/>
						<line hits="1" number="453"/>
						<line hits="1" number="454"/>
						<line hits="1" number="456"/>
						<line hits="1" number="457"/>
						<line hits="1" number="458"/>
						<line hits="1" number="459"/>
						<line hits="0" number="460"/>
						<line hits="1" number="463"/>
						<line hits="1" number="466"/>
						<line hits="1" number="467"/>
						<line hits="1" number="468"/>
						<line hits="1" number="471"/>
						<line hits="1" number="472"/>
						<line hits="1" number="475"/>
						<line hits="0" number="476"/>
						<line hits="0" number="478"/>
						<line hits="1" number="481"/>
						<line hits="0" number="482"/>
						<line hits="1" number="484"/>
						<line hits="1" number="485"/>
						<line hits="1" number="493"/>
						<line hits="1" number="494"/>
						<line hits="1" number="502"/>
						<line hits="1" number="505"/>
						<line hits="1" number="507"/>
						<line hits="1" number="508"/>
						<line hits="0" number="511"/>
						<line hits="1" number="512"/>
						<line hits="1" number="527"/>
						<line hits="1" number="533"/>
						<line hits="1" number="540"/>
						<line hits="1" number="541"/>
						<line hits="1" number="542"/>
						<line hits="1" number="547"/>
						<line hits="1" number="550"/>
						<line hits="1" number="553"/>
						<line hits="1" number="556"/>
						<line hits="1" number="559"/>
						<line hits="0" number="600"/>
						<line hits="0" number="601"/>
						<line hits="0" number="602"/>
						<line hits="0" number="603"/>
						<line hits="0" number="604"/>
						<line hits="0" number="607"/>
						<line hits="0" number="610"/>
						<line hits="0" number="611"/>
						<line hits="0" number="612"/>
						<line hits="0" number="613"/>
						<line hits="0" number="614"/>
						<line hits="0" number="615"/>
						<line hits="1" number="618"/>
						<line hits="1" number="625"/>
						<line hits="1" number="626"/>
						<line hits="1" number="627"/>
						<line hits="1" number="629"/>
						<line hits="0" number="631"/>
						<line hits="1" number="632"/>
						<line hits="1" number="635"/>
						<line hits="1" number="636"/>
						<line hits="1" number="641"/>
						<line hits="1" number="657"/>
						<line hits="1" number="658"/>
						<line hits="1" number="659"/>
						<line hits="0" number="663"/>
						<line hits="1" number="667"/>
						<line hits="1" number="670"/>
						<line hits="1" number="671"/>
						<line hits="0" number="675"/>
						<line hits="1" number="682"/>
						<line hits="0" number="683"/>
						<line hits="0" number="684"/>
						<line hits="1" number="693"/>
						<line hits="0" number="694"/>
						<line hits="1" number="697"/>
						<line hits="1" number="700"/>
						<line hits="1" number="703"/>
						<line hits="0" number="704"/>
						<line hits="1" number="705"/>
						<line hits="1" number="706"/>
						<line hits="1" number="714"/>
						<line hits="1" number="715"/>
						<line hits="1" number="717"/>
						<line hits="1" number="718"/>
						<line hits="1" number="719"/>
						<line hits="1" number="721"/>
						<line hits="0" number="723"/>
						<line hits="1" number="735"/>
						<line hits="1" number="756"/>
						<line hits="1" number="761"/>
						<line hits="1" number="763"/>
						<line hits="1" number="770"/>
						<line hits="1" number="771"/>
						<line hits="1" number="772"/>
						<line hits="1" number="775"/>
						<line hits="1" number="776"/>
						<line hits="0" number="777"/>
						<line hits="0" number="778"/>
						<line hits="0" number="779"/>
						<line hits="0" number="780"/>
						<line hits="0" number="781"/>
						<line hits="1" number="795"/>
						<line hits="1" number="800"/>
						<line hits="1" number="802"/>
						<line hits="1" number="803"/>
						<line hits="1" number="809"/>
						<line hits="1" number="810"/>
						<line hits="1" number="817"/>
						<line hits="0" number="819"/>
						<line hits="1" number="822"/>
						<line hits="1" number="823"/>
						<line hits="0" number="824"/>
						<line hits="1" number="827"/>
						<line hits="0" number="829"/>
						<line hits="0" number="830"/>
						<line hits="0" number="834"/>
						<line hits="0" number="835"/>
						<line hits="1" number="840"/>
						<line hits="1" number="847"/>
						<line hits="1" number="848"/>
						<line hits="1" number="853"/>
						<line hits="0" number="854"/>
						<line hits="1" number="856"/>
						<line hits="1" number="858"/>
						<line hits="1" number="861"/>
						<line hits="1" number="863"/>
						<line hits="1" number="876"/>
						<line hits="1" number="878"/>
						<line hits="1" number="879"/>
						<line hits="1" number="880"/>
						<line hits="1" number="882"/>
						<line hits="1" number="885"/>
						<line hits="1" number="886"/>
						<line hits="1" number="887"/>
						<line hits="1" number="888"/>
						<line hits="1" number="892"/>
						<line hits="0" number="894"/>
						<line hits="0" number="895"/>
						<line hits="0" number="896"/>
						<line hits="0" number="897"/>
						<line hits="0" number="902"/>
						<line hits="0" number="904"/>
						<line hits="1" number="908"/>
						<line hits="1" number="909"/>
						<line hits="1" number="910"/>
						<line hits="0" number="911"/>
						<line hits="1" number="915"/>
						<line hits="1" number="919"/>
						<line hits="1" number="922"/>
						<line hits="1" number="924"/>
						<line hits="1" number="926"/>
						<line hits="1" number="929"/>
						<line hits="1" number="935"/>
						<line hits="1" number="949"/>
						<line hits="1" number="950"/>
						<line hits="1" number="953"/>
						<line hits="1" number="955"/>
						<line hits="1" number="958"/>
						<line hits="1" number="961"/>
						<line hits="0" number="969"/>
						<line hits="0" number="970"/>
						<line hits="0" number="971"/>
						<line hits="0" number="972"/>
						<line hits="0" number="976"/>
						<line hits="1" number="979"/>
						<line hits="0" number="981"/>
						<line hits="1" number="984"/>
						<line hits="0" number="987"/>
						<line hits="1" number="990"/>
						<line hits="0" number="1009"/>
						<line hits="0" number="1010"/>
						<line hits="0" number="1011"/>
						<line hits="1" number="1014"/>
						<line hits="0" number="1015"/>
						<line hits="0" number="1016"/>
						<line hits="0" number="1017"/>
						<line hits="0" number="1018"/>
						<line hits="0" number="1019"/>
						<line hits="0" number="1020"/>
						<line hits="0" number="1021"/>
						<line hits="0" number="1022"/>
						<line hits="0" number="1023"/>
						<line hits="0" number="1024"/>
						<line hits="0" number="1027"/>
						<line hits="1" number="1030"/>
						<line hits="0" number="1049"/>
						<line hits="0" number="1050"/>
						<line hits="0" number="1051"/>
						<line hits="1" number="1054"/>
						<line hits="0" number="1055"/>
						<line hits="0" number="1056"/>
						<line hits="0" number="1057"/>
						<line hits="0" number="1058"/>
						<line hits="0" number="1059"/>
						<line hits="0" number="1060"/>
						<line hits="0" number="1061"/>
						<line hits="0" number="1062"/>
						<line hits="0" number="1063"/>
						<line hits="0" number="1064"/>
						<line hits="0" number="1067"/>
						<line hits="1" number="1070"/>
						<line hits="0" number="1096"/>
						<line hits="0" number="1097"/>
						<line hits="0" number="1100"/>
						<line hits="0" number="1104"/>
						<line hits="0" number="1105"/>
						<line hits="0" number="1106"/>
						<line hits="0" number="1107"/>
						<line hits="0" number="1108"/>
						<line hits="0" number="1109"/>
						<line hits="0" number="1110"/>
						<line hits="0" number="1111"/>
						<line hits="0" number="1112"/>
						<line hits="0" number="1113"/>
						<line hits="0" number="1114"/>
						<line hits="0" number="1116"/>
						<line hits="0" number="1118"/>
						<line hits="0" number="1119"/>
						<line hits="0" number="1120"/>
						<line hits="0" number="1121"/>
						<line hits="0" number="1122"/>
						<line hits="0" number="1123"/>
						<line hits="0" number="1125"/>
						<line hits="0" number="1126"/>
						<line hits="0" number="1128"/>
						<line hits="0" number="1131"/>
						<line hits="0" number="1132"/>
						<line hits="1" number="1136"/>
						<line hits="0" number="1154"/>
						<line hits="0" number="1155"/>
						<line hits="0" number="1160"/>
						<line hits="0" number="1161"/>
						<line hits="0" number="1163"/>
						<line hits="0" number="1164"/>
						<line hits="0" number="1167"/>
						<line hits="0" number="1169"/>
						<line hits="0" number="1170"/>
						<line hits="0" number="1177"/>
					</lines>
				</class>
			</classes>
		</package>
		<package branch-rate="0" complexity="0" line-rate="0.9667" name="metrunner">
			<classes>
				<class branch-rate="0" complexity="0" filename="metrunner/__init__.py" line-rate="1" name="__init__.py">
					<methods/>
					<lines/>
				</class>
				<class branch-rate="0" complexity="0" filename="metrunner/algorithm.py" line-rate="1" name="algorithm.py">
					<methods/>
					<lines>
						<line hits="1" number="1"/>
						<line hits="1" number="4"/>
						<line hits="1" number="6"/>
						<line hits="1" number="7"/>
					</lines>
				</class>
				<class branch-rate="0" complexity="0" filename="metrunner/constants.py" line-rate="1" name="constants.py">
					<methods/>
					<lines>
						<line hits="1" number="1"/>
						<line hits="1" number="2"/>
						<line hits="1" number="3"/>
						<line hits="1" number="4"/>
						<line hits="1" number="5"/>
						<line hits="1" number="6"/>
						<line hits="1" number="7"/>
						<line hits="1" number="8"/>
					</lines>
				</class>
				<class branch-rate="0" complexity="0" filename="metrunner/experiment.py" line-rate="1" name="experiment.py">
					<methods/>
					<lines>
						<line hits="1" number="1"/>
						<line hits="1" number="2"/>
						<line hits="1" number="3"/>
						<line hits="1" number="4"/>
						<line hits="1" number="6"/>
						<line hits="1" number="8"/>
						<line hits="1" number="9"/>
						<line hits="1" number="10"/>
						<line hits="1" number="11"/>
						<line hits="1" number="13"/>
						<line hits="1" number="14"/>
						<line hits="1" number="15"/>
						<line hits="1" number="16"/>
						<line hits="1" number="17"/>
						<line hits="1" number="19"/>
					</lines>
				</class>
				<class branch-rate="0" complexity="0" filename="metrunner/parser.py" line-rate="1" name="parser.py">
					<methods/>
					<lines>
						<line hits="1" number="1"/>
						<line hits="1" number="2"/>
						<line hits="1" number="3"/>
						<line hits="1" number="4"/>
						<line hits="1" number="5"/>
						<line hits="1" number="8"/>
						<line hits="1" number="9"/>
						<line hits="1" number="10"/>
						<line hits="1" number="11"/>
						<line hits="1" number="12"/>
						<line hits="1" number="13"/>
						<line hits="1" number="14"/>
						<line hits="1" number="15"/>
						<line hits="1" number="16"/>
					</lines>
				</class>
				<class branch-rate="0" complexity="0" filename="metrunner/problem.py" line-rate="1" name="problem.py">
					<methods/>
					<lines>
						<line hits="1" number="1"/>
						<line hits="1" number="4"/>
						<line hits="1" number="6"/>
						<line hits="1" number="7"/>
					</lines>
				</class>
				<class branch-rate="0" complexity="0" filename="metrunner/runner.py" line-rate="0.8667" name="runner.py">
					<methods/>
					<lines>
						<line hits="1" number="1"/>
						<line hits="1" number="2"/>
						<line hits="1" number="3"/>
						<line hits="1" number="4"/>
						<line hits="1" number="6"/>
						<line hits="1" number="8"/>
						<line hits="1" number="10"/>
						<line hits="1" number="11"/>
						<line hits="1" number="12"/>
						<line hits="1" number="13"/>
						<line hits="1" number="14"/>
						<line hits="0" number="16"/>
						<line hits="0" number="17"/>
						<line hits="1" number="18"/>
						<line hits="1" number="20"/>
					</lines>
				</class>
			</classes>
		</package>
		<package branch-rate="0" complexity="0" line-rate="1" name="tests">
			<classes>
				<class branch-rate="0" complexity="0" filename="tests/test_algorithm.py" line-rate="1" name="test_algorithm.py">
					<methods/>
					<lines>
						<line hits="1" number="2"/>
						<line hits="1" number="3"/>
						<line hits="1" number="6"/>
						<line hits="1" number="8"/>
						<line hits="1" number="9"/>
						<line hits="1" number="10"/>
						<line hits="1" number="11"/>
						<line hits="1" number="13"/>
						<line hits="1" number="14"/>
						<line hits="1" number="16"/>
						<line hits="1" number="17"/>
						<line hits="1" number="19"/>
						<line hits="1" number="20"/>
						<line hits="1" number="21"/>
					</lines>
				</class>
				<class branch-rate="0" complexity="0" filename="tests/test_experiment.py" line-rate="1" name="test_experiment.py">
					<methods/>
					<lines>
						<line hits="1" number="1"/>
						<line hits="1" number="2"/>
						<line hits="1" number="3"/>
						<line hits="1" number="4"/>
						<line hits="1" number="7"/>
						<line hits="1" number="9"/>
						<line hits="1" number="10"/>
						<line hits="1" number="11"/>
						<line hits="1" number="12"/>
						<line hits="1" number="13"/>
						<line hits="1" number="17"/>
						<line hits="1" number="19"/>
						<line hits="1" number="20"/>
						<line hits="1" number="22"/>
						<line hits="1" number="23"/>
						<line hits="1" number="25"/>
						<line hits="1" number="26"/>
						<line hits="1" number="28"/>
						<line hits="1" number="29"/>
						<line hits="1" number="31"/>
						<line hits="1" number="32"/>
					</lines>
				</class>
				<class branch-rate="0" complexity="0" filename="tests/test_parser.py" line-rate="1" name="test_parser.py">
					<methods/>
					<lines>
						<line hits="1" number="1"/>
						<line hits="1" number="2"/>
						<line hits="1" number="5"/>
						<line hits="1" number="7"/>
						<line hits="1" number="8"/>
						<line hits="1" number="9"/>
						<line hits="1" number="11"/>
						<line hits="1" number="12"/>
					</lines>
				</class>
				<class branch-rate="0" complexity="0" filename="tests/test_problem.py" line-rate="1" name="test_problem.py">
					<methods/>
					<lines>
						<line hits="1" number="1"/>
						<line hits="1" number="2"/>
						<line hits="1" number="5"/>
						<line hits="1" number="7"/>
						<line hits="1" number="8"/>
						<line hits="1" number="9"/>
						<line hits="1" number="10"/>
						<line hits="1" number="12"/>
						<line hits="1" number="13"/>
						<line hits="1" number="15"/>
						<line hits="1" number="16"/>
						<line hits="1" number="18"/>
						<line hits="1" number="19"/>
					</lines>
				</class>
				<class branch-rate="0" complexity="0" filename="tests/test_runner.py" line-rate="1" name="test_runner.py">
					<methods/>
					<lines>
						<line hits="1" number="1"/>
						<line hits="1" number="2"/>
						<line hits="1" number="3"/>
						<line hits="1" number="6"/>
						<line hits="1" number="8"/>
						<line hits="1" number="9"/>
						<line hits="1" number="10"/>
						<line hits="1" number="11"/>
						<line hits="1" number="13"/>
						<line hits="1" number="14"/>
						<line hits="1" number="16"/>
						<line hits="1" number="17"/>
					</lines>
				</class>
			</classes>
		</package>
	</packages>
</coverage>
